=== Suite started at 2016-10-02 22:19:23
=== Starting test, 2 test cases
=cases         2
=user          gregor
=host          Gregors-iMac
=hosts         Gregors-iMac 
=emulator_vsn  7.2.1
=emulator      beam
=otp_release   18
=started       2016-10-02 22:19:23
=case          downloader_SUITE:init_per_suite
=logfile       downloader_suite.init_per_suite.html
=started       2016-10-02 22:19:23
=ended         2016-10-02 22:19:23
=result        ok
=elapsed       1.0e-6
=case          downloader_SUITE:download
=logfile       downloader_suite.download.html
=started       2016-10-02 22:19:23
=ended         2016-10-02 22:19:23
=result        ok
=elapsed       0.146661
=case          downloader_SUITE:fetch_content
=logfile       downloader_suite.fetch_content.html
=started       2016-10-02 22:19:23
=ended         2016-10-02 22:19:28
=result        ok
=elapsed       5.019677
=case          ct_framework:end_per_suite
=logfile       ct_framework.end_per_suite.html
=started       2016-10-02 22:19:28
=ended         2016-10-02 22:19:28
=result        ok
=elapsed       1.0e-6
=group_time    5.289s
=== TEST COMPLETE, 2 ok, 0 failed of 2 test cases

=finished      2016-10-02 22:19:28
=failed        0
=successful    2
=user_skipped  0
=auto_skipped  0
