=== Suite started at 2016-10-02 22:02:59
=== Starting test, 2 test cases
=cases         2
=user          gregor
=host          Gregors-iMac
=hosts         Gregors-iMac 
=emulator_vsn  7.2.1
=emulator      beam
=otp_release   18
=started       2016-10-02 22:02:59
=case          downloader_SUITE:init_per_suite
=logfile       downloader_suite.init_per_suite.html
=started       2016-10-02 22:02:59
=ended         2016-10-02 22:02:59
=result        ok
=elapsed       1.0e-6
=case          downloader_SUITE:download
=logfile       downloader_suite.download.html
=started       2016-10-02 22:02:59
=ended         2016-10-02 22:02:59
=result        ok
=elapsed       0.005836
=case          downloader_SUITE:fetch_content
=logfile       downloader_suite.fetch_content.html
=started       2016-10-02 22:02:59
=ended         2016-10-02 22:03:05
=result        failed: {{badmatch,false},
                        [{downloader_SUITE,fetch_content,1,
                             [{file,"test/downloader_SUITE.erl"},{line,37}]},
                         {test_server,ts_tc,3,
                             [{file,"test_server.erl"},{line,1408}]},
                         {test_server,run_test_case_eval1,6,
                             [{file,"test_server.erl"},{line,984}]},
                         {test_server,run_test_case_eval,9,
                             [{file,"test_server.erl"},{line,926}]}]}, [{downloader_SUITE,
                                                                         fetch_content,
                                                                         37},
                                                                        {test_server,
                                                                         ts_tc,
                                                                         1408},
                                                                        {test_server,
                                                                         run_test_case_eval1,
                                                                         984},
                                                                        {test_server,
                                                                         run_test_case_eval,
                                                                         926}]
=== *** FAILED test case 2 of 2 ***
=case          ct_framework:end_per_suite
=logfile       ct_framework.end_per_suite.html
=started       2016-10-02 22:03:05
=ended         2016-10-02 22:03:05
=result        ok
=elapsed       1.0e-6
=group_time    5.157s
=== TEST COMPLETE, 1 ok, 1 failed of 2 test cases

=finished      2016-10-02 22:03:05
=failed        1
=successful    1
=user_skipped  0
=auto_skipped  0
