=== Suite started at 2016-10-02 20:08:04
=== Starting test, 2 test cases
=cases         2
=user          gregor
=host          Gregors-iMac
=hosts         Gregors-iMac 
=emulator_vsn  7.2.1
=emulator      beam
=otp_release   18
=started       2016-10-02 20:08:04
=case          downloader_SUITE:init_per_suite
=logfile       downloader_suite.init_per_suite.html
=started       2016-10-02 20:08:04
=ended         2016-10-02 20:08:04
=result        ok
=elapsed       9.04e-4
=== 
=case          downloader_SUITE:download
=started       2016-10-02 20:08:04
=result        auto_skipped: init_per_suite bad return value
=== *** Skipping test case #1 {downloader_SUITE,download} ***
=== 
=case          downloader_SUITE:fetch_content
=started       2016-10-02 20:08:04
=result        auto_skipped: init_per_suite bad return value
=== *** Skipping test case #2 {downloader_SUITE,fetch_content} ***
=== 
=case          ct_framework:end_per_suite
=started       2016-10-02 20:08:04
=result        auto_skipped: init_per_suite bad return value
=== *** Skipping {ct_framework,end_per_suite} ***
=== TEST COMPLETE, 0 ok, 0 failed, 2 skipped of 2 test cases

=finished      2016-10-02 20:08:04
=failed        0
=successful    0
=user_skipped  0
=auto_skipped  2
