=== Suite started at 2016-10-02 22:31:34
=== Starting test, 1 test cases
=cases         1
=user          gregor
=host          Gregors-iMac
=hosts         Gregors-iMac 
=emulator_vsn  7.2.1
=emulator      beam
=otp_release   18
=started       2016-10-02 22:31:34
=case          downloader_SUITE:init_per_suite
=logfile       downloader_suite.init_per_suite.html
=started       2016-10-02 22:31:34
=ended         2016-10-02 22:31:34
=result        ok
=elapsed       1.0e-6
=case          downloader_SUITE:download
=logfile       downloader_suite.download.html
=started       2016-10-02 22:31:34
=ended         2016-10-02 22:31:39
=result        ok
=elapsed       5.021902
=case          ct_framework:end_per_suite
=logfile       ct_framework.end_per_suite.html
=started       2016-10-02 22:31:39
=ended         2016-10-02 22:31:39
=result        ok
=elapsed       2.0e-6
=group_time    5.099s
=== TEST COMPLETE, 1 ok, 0 failed of 1 test cases

=finished      2016-10-02 22:31:39
=failed        0
=successful    1
=user_skipped  0
=auto_skipped  0
