=== Suite started at 2016-10-02 22:21:50
=== Starting test, 2 test cases
=cases         2
=user          gregor
=host          Gregors-iMac
=hosts         Gregors-iMac 
=emulator_vsn  7.2.1
=emulator      beam
=otp_release   18
=started       2016-10-02 22:21:50
=case          downloader_SUITE:init_per_suite
=logfile       downloader_suite.init_per_suite.html
=started       2016-10-02 22:21:50
=ended         2016-10-02 22:21:50
=result        ok
=elapsed       1.0e-6
=case          downloader_SUITE:download
=logfile       downloader_suite.download.html
=started       2016-10-02 22:21:50
=ended         2016-10-02 22:21:50
=result        ok
=elapsed       0.152255
=case          downloader_SUITE:fetch_content
=logfile       downloader_suite.fetch_content.html
=started       2016-10-02 22:21:50
=ended         2016-10-02 22:21:55
=result        ok
=elapsed       5.021694
=case          ct_framework:end_per_suite
=logfile       ct_framework.end_per_suite.html
=started       2016-10-02 22:21:55
=ended         2016-10-02 22:21:55
=result        ok
=elapsed       2.0e-6
=group_time    5.282s
=== TEST COMPLETE, 2 ok, 0 failed of 2 test cases

=finished      2016-10-02 22:21:55
=failed        0
=successful    2
=user_skipped  0
=auto_skipped  0
