=== Suite started at 2016-09-30 09:53:58
=== Starting test, 1 test cases
=cases         1
=user          gregor
=host          Gregors-iMac
=hosts         Gregors-iMac 
=emulator_vsn  7.2.1
=emulator      beam
=otp_release   18
=started       2016-09-30 09:53:58
=case          frontier_SUITE:init_per_suite
=logfile       frontier_suite.init_per_suite.html
=started       2016-09-30 09:53:58
=ended         2016-09-30 09:53:58
=result        ok
=elapsed       2.0e-6
=case          frontier_SUITE:push_url
=logfile       frontier_suite.push_url.html
=started       2016-09-30 09:53:58
=ended         2016-09-30 09:53:58
=result        ok
=elapsed       0.020222
=case          ct_framework:end_per_suite
=logfile       ct_framework.end_per_suite.html
=started       2016-09-30 09:53:58
=ended         2016-09-30 09:53:58
=result        ok
=elapsed       1.0e-6
=group_time    0.093s
=== TEST COMPLETE, 1 ok, 0 failed of 1 test cases

=finished      2016-09-30 09:53:58
=failed        0
=successful    1
=user_skipped  0
=auto_skipped  0
